src/components/Particles.tsx(2,59): error TS2307: Cannot find module 'ogl' or its corresponding type declarations.
src/components/SocialLinks.tsx(1,1): error TS6133: 'React' is declared but its value is never read.
